2022-09-14 22:25:10,997 - decisionengine - datasource_api - INFO - {"channel": "engine", "event": "datasource SQLAlchemyDS is creating the database tables (if needed)", "level": "info", "logger": "decisionengine", "module": "datasource_api", "timestamp": "2022-09-14 22:25:10"}
2022-09-14 22:25:11,072 - decisionengine - datasource_api - INFO - {"channel": "engine", "event": "datasource SQLAlchemyDS is creating the database tables (if needed)", "level": "info", "logger": "decisionengine", "module": "datasource_api", "timestamp": "2022-09-14 22:25:11"}
2022-09-14 22:25:11,102 - decisionengine - DecisionEngine - INFO - {"channel": "engine", "event": "DecisionEngine __init__ complete ('localhost', 8888) with redis://localhost:6379/0", "level": "info", "logger": "decisionengine", "module": "DecisionEngine", "timestamp": "2022-09-14 22:25:11"}
2022-09-14 22:25:11,116 - decisionengine - DecisionEngine - INFO - {"channel": "engine", "event": "running _start_de_server", "level": "info", "logger": "decisionengine", "module": "DecisionEngine", "timestamp": "2022-09-14 22:25:11"}
2022-09-14 22:25:11,232 - decisionengine - ChannelConfigHandler - INFO - {"channel": "engine", "event": "Loading channel configs from:/etc/decisionengine/config.d", "level": "info", "logger": "decisionengine", "module": "ChannelConfigHandler", "timestamp": "2022-09-14 22:25:11"}
2022-09-14 22:25:11,354 - decisionengine - SourceWorkers - INFO - {"channel": "engine", "event": "Creating source FactoryEntriesSource for channel resource_request", "level": "info", "logger": "decisionengine", "module": "DecisionEngine", "timestamp": "2022-09-14 22:25:11"}
2022-09-14 22:25:11,411 - decisionengine - SourceWorkers - INFO - {"channel": "engine", "event": "Creating source Factory_Entries_AWS for channel resource_request", "level": "info", "logger": "decisionengine", "module": "DecisionEngine", "timestamp": "2022-09-14 22:25:11"}
2022-09-14 22:25:11,421 - decisionengine - SourceWorkers - INFO - {"channel": "engine", "event": "Creating source Factory_Entries_GCE for channel resource_request", "level": "info", "logger": "decisionengine", "module": "DecisionEngine", "timestamp": "2022-09-14 22:25:11"}
2022-09-14 22:25:11,430 - decisionengine - SourceWorkers - INFO - {"channel": "engine", "event": "Creating source Factory_Entries_Grid for channel resource_request", "level": "info", "logger": "decisionengine", "module": "DecisionEngine", "timestamp": "2022-09-14 22:25:11"}
2022-09-14 22:25:11,440 - decisionengine - SourceWorkers - INFO - {"channel": "engine", "event": "Creating source Factory_Entries_LCF for channel resource_request", "level": "info", "logger": "decisionengine", "module": "DecisionEngine", "timestamp": "2022-09-14 22:25:11"}
2022-09-14 22:25:11,450 - decisionengine - SourceWorkers - INFO - {"channel": "engine", "event": "Creating source FigureOfMerit for channel resource_request", "level": "info", "logger": "decisionengine", "module": "DecisionEngine", "timestamp": "2022-09-14 22:25:11"}
2022-09-14 22:25:11,460 - decisionengine - SourceWorkers - INFO - {"channel": "engine", "event": "Creating source GceFigureOfMerit for channel resource_request", "level": "info", "logger": "decisionengine", "module": "DecisionEngine", "timestamp": "2022-09-14 22:25:11"}
2022-09-14 22:25:11,469 - decisionengine - SourceWorkers - INFO - {"channel": "engine", "event": "Creating source NerscFigureOfMerit for channel resource_request", "level": "info", "logger": "decisionengine", "module": "DecisionEngine", "timestamp": "2022-09-14 22:25:11"}
2022-09-14 22:25:11,478 - decisionengine - SourceWorkers - INFO - {"channel": "engine", "event": "Creating source StartdManifestsSource for channel resource_request", "level": "info", "logger": "decisionengine", "module": "DecisionEngine", "timestamp": "2022-09-14 22:25:11"}
2022-09-14 22:25:11,489 - decisionengine - SourceWorkers - INFO - {"channel": "engine", "event": "Creating source factoryglobal_manifests for channel resource_request", "level": "info", "logger": "decisionengine", "module": "DecisionEngine", "timestamp": "2022-09-14 22:25:11"}
2022-09-14 22:25:11,499 - decisionengine - SourceWorkers - INFO - {"channel": "engine", "event": "Creating source jobs_manifests for channel resource_request", "level": "info", "logger": "decisionengine", "module": "DecisionEngine", "timestamp": "2022-09-14 22:25:11"}
2022-09-14 22:25:11,710 - decisionengine - datasource_api - INFO - {"channel": "engine", "event": "datasource SQLAlchemyDS is creating the database tables (if needed)", "level": "info", "logger": "decisionengine", "module": "datasource_api", "timestamp": "2022-09-14 22:25:11"}
2022-09-14 22:25:11,760 - decisionengine - DecisionEngine - INFO - {"channel": "engine", "event": "Channel resource_request started", "level": "info", "logger": "decisionengine", "module": "DecisionEngine", "timestamp": "2022-09-14 22:25:11"}
2022-09-14 22:55:29,124 - decisionengine - maintain - INFO - {"channel": "engine", "event": "Reaper.reap() started.", "level": "info", "logger": "decisionengine", "module": "maintain", "timestamp": "2022-09-14 22:55:29"}
2022-09-14 22:55:29,135 - decisionengine - maintain - INFO - {"channel": "engine", "event": "Reaper.reap() completed.", "level": "info", "logger": "decisionengine", "module": "maintain", "timestamp": "2022-09-14 22:55:29"}
2022-09-14 23:23:21,560 - decisionengine - datasource_api - INFO - {"channel": "engine", "event": "datasource SQLAlchemyDS is creating the database tables (if needed)", "level": "info", "logger": "decisionengine", "module": "datasource_api", "timestamp": "2022-09-14 23:23:21"}
2022-09-14 23:23:21,647 - decisionengine - datasource_api - INFO - {"channel": "engine", "event": "datasource SQLAlchemyDS is creating the database tables (if needed)", "level": "info", "logger": "decisionengine", "module": "datasource_api", "timestamp": "2022-09-14 23:23:21"}
2022-09-14 23:23:21,680 - decisionengine - DecisionEngine - INFO - {"channel": "engine", "event": "DecisionEngine __init__ complete ('localhost', 8888) with redis://localhost:6379/0", "level": "info", "logger": "decisionengine", "module": "DecisionEngine", "timestamp": "2022-09-14 23:23:21"}
2022-09-14 23:23:21,689 - decisionengine - DecisionEngine - INFO - {"channel": "engine", "event": "running _start_de_server", "level": "info", "logger": "decisionengine", "module": "DecisionEngine", "timestamp": "2022-09-14 23:23:21"}
2022-09-14 23:23:21,804 - decisionengine - ChannelConfigHandler - INFO - {"channel": "engine", "event": "Loading channel configs from:/etc/decisionengine/config.d", "level": "info", "logger": "decisionengine", "module": "ChannelConfigHandler", "timestamp": "2022-09-14 23:23:21"}
2022-09-14 23:23:21,929 - decisionengine - SourceWorkers - INFO - {"channel": "engine", "event": "Creating source FactoryEntriesSource for channel resource_request", "level": "info", "logger": "decisionengine", "module": "DecisionEngine", "timestamp": "2022-09-14 23:23:21"}
2022-09-14 23:23:21,997 - decisionengine - SourceWorkers - INFO - {"channel": "engine", "event": "Creating source Factory_Entries_AWS for channel resource_request", "level": "info", "logger": "decisionengine", "module": "DecisionEngine", "timestamp": "2022-09-14 23:23:21"}
2022-09-14 23:23:22,009 - decisionengine - SourceWorkers - INFO - {"channel": "engine", "event": "Creating source Factory_Entries_GCE for channel resource_request", "level": "info", "logger": "decisionengine", "module": "DecisionEngine", "timestamp": "2022-09-14 23:23:22"}
2022-09-14 23:23:22,020 - decisionengine - SourceWorkers - INFO - {"channel": "engine", "event": "Creating source Factory_Entries_Grid for channel resource_request", "level": "info", "logger": "decisionengine", "module": "DecisionEngine", "timestamp": "2022-09-14 23:23:22"}
2022-09-14 23:23:22,033 - decisionengine - SourceWorkers - INFO - {"channel": "engine", "event": "Creating source Factory_Entries_LCF for channel resource_request", "level": "info", "logger": "decisionengine", "module": "DecisionEngine", "timestamp": "2022-09-14 23:23:22"}
2022-09-14 23:23:22,046 - decisionengine - SourceWorkers - INFO - {"channel": "engine", "event": "Creating source FigureOfMerit for channel resource_request", "level": "info", "logger": "decisionengine", "module": "DecisionEngine", "timestamp": "2022-09-14 23:23:22"}
2022-09-14 23:23:22,057 - decisionengine - SourceWorkers - INFO - {"channel": "engine", "event": "Creating source GceFigureOfMerit for channel resource_request", "level": "info", "logger": "decisionengine", "module": "DecisionEngine", "timestamp": "2022-09-14 23:23:22"}
2022-09-14 23:23:22,069 - decisionengine - SourceWorkers - INFO - {"channel": "engine", "event": "Creating source NerscFigureOfMerit for channel resource_request", "level": "info", "logger": "decisionengine", "module": "DecisionEngine", "timestamp": "2022-09-14 23:23:22"}
2022-09-14 23:23:22,080 - decisionengine - SourceWorkers - INFO - {"channel": "engine", "event": "Creating source StartdManifestsSource for channel resource_request", "level": "info", "logger": "decisionengine", "module": "DecisionEngine", "timestamp": "2022-09-14 23:23:22"}
2022-09-14 23:23:22,093 - decisionengine - SourceWorkers - INFO - {"channel": "engine", "event": "Creating source factoryglobal_manifests for channel resource_request", "level": "info", "logger": "decisionengine", "module": "DecisionEngine", "timestamp": "2022-09-14 23:23:22"}
2022-09-14 23:23:22,105 - decisionengine - SourceWorkers - INFO - {"channel": "engine", "event": "Creating source jobs_manifests for channel resource_request", "level": "info", "logger": "decisionengine", "module": "DecisionEngine", "timestamp": "2022-09-14 23:23:22"}
2022-09-14 23:23:22,397 - decisionengine - datasource_api - INFO - {"channel": "engine", "event": "datasource SQLAlchemyDS is creating the database tables (if needed)", "level": "info", "logger": "decisionengine", "module": "datasource_api", "timestamp": "2022-09-14 23:23:22"}
2022-09-14 23:23:22,465 - decisionengine - DecisionEngine - INFO - {"channel": "engine", "event": "Channel resource_request started", "level": "info", "logger": "decisionengine", "module": "DecisionEngine", "timestamp": "2022-09-14 23:23:22"}
2022-09-14 23:53:39,697 - decisionengine - maintain - INFO - {"channel": "engine", "event": "Reaper.reap() started.", "level": "info", "logger": "decisionengine", "module": "maintain", "timestamp": "2022-09-14 23:53:39"}
2022-09-14 23:53:39,713 - decisionengine - maintain - INFO - {"channel": "engine", "event": "Reaper.reap() completed.", "level": "info", "logger": "decisionengine", "module": "maintain", "timestamp": "2022-09-14 23:53:39"}
2022-09-15 01:41:04,754 - decisionengine - datasource_api - INFO - {"channel": "engine", "event": "datasource SQLAlchemyDS is creating the database tables (if needed)", "level": "info", "logger": "decisionengine", "module": "datasource_api", "timestamp": "2022-09-15 01:41:04"}
2022-09-15 01:41:04,830 - decisionengine - datasource_api - INFO - {"channel": "engine", "event": "datasource SQLAlchemyDS is creating the database tables (if needed)", "level": "info", "logger": "decisionengine", "module": "datasource_api", "timestamp": "2022-09-15 01:41:04"}
2022-09-15 01:41:04,862 - decisionengine - DecisionEngine - INFO - {"channel": "engine", "event": "DecisionEngine __init__ complete ('localhost', 8888) with redis://localhost:6379/0", "level": "info", "logger": "decisionengine", "module": "DecisionEngine", "timestamp": "2022-09-15 01:41:04"}
2022-09-15 01:41:04,871 - decisionengine - DecisionEngine - INFO - {"channel": "engine", "event": "running _start_de_server", "level": "info", "logger": "decisionengine", "module": "DecisionEngine", "timestamp": "2022-09-15 01:41:04"}
2022-09-15 01:43:24,658 - decisionengine - datasource_api - INFO - {"channel": "engine", "event": "datasource SQLAlchemyDS is creating the database tables (if needed)", "level": "info", "logger": "decisionengine", "module": "datasource_api", "timestamp": "2022-09-15 01:43:24"}
2022-09-15 01:43:24,738 - decisionengine - datasource_api - INFO - {"channel": "engine", "event": "datasource SQLAlchemyDS is creating the database tables (if needed)", "level": "info", "logger": "decisionengine", "module": "datasource_api", "timestamp": "2022-09-15 01:43:24"}
2022-09-15 01:43:24,772 - decisionengine - DecisionEngine - INFO - {"channel": "engine", "event": "DecisionEngine __init__ complete ('localhost', 8888) with redis://localhost:6379/0", "level": "info", "logger": "decisionengine", "module": "DecisionEngine", "timestamp": "2022-09-15 01:43:24"}
2022-09-15 01:43:24,781 - decisionengine - DecisionEngine - INFO - {"channel": "engine", "event": "running _start_de_server", "level": "info", "logger": "decisionengine", "module": "DecisionEngine", "timestamp": "2022-09-15 01:43:24"}
2022-09-15 01:43:24,790 - decisionengine - DecisionEngine - ERROR - {"channel": "engine", "event": "Server Address: ['localhost', 8888]\n              Fatal Error: name 'Root' is not defined", "level": "error", "logger": "decisionengine", "module": "DecisionEngine", "timestamp": "2022-09-15 01:43:24"}
2022-09-15 01:45:30,339 - decisionengine - datasource_api - INFO - {"channel": "engine", "event": "datasource SQLAlchemyDS is creating the database tables (if needed)", "level": "info", "logger": "decisionengine", "module": "datasource_api", "timestamp": "2022-09-15 01:45:30"}
2022-09-15 01:45:30,429 - decisionengine - datasource_api - INFO - {"channel": "engine", "event": "datasource SQLAlchemyDS is creating the database tables (if needed)", "level": "info", "logger": "decisionengine", "module": "datasource_api", "timestamp": "2022-09-15 01:45:30"}
2022-09-15 01:45:30,465 - decisionengine - DecisionEngine - INFO - {"channel": "engine", "event": "DecisionEngine __init__ complete ('localhost', 8888) with redis://localhost:6379/0", "level": "info", "logger": "decisionengine", "module": "DecisionEngine", "timestamp": "2022-09-15 01:45:30"}
2022-09-15 01:45:30,474 - decisionengine - DecisionEngine - INFO - {"channel": "engine", "event": "running _start_de_server", "level": "info", "logger": "decisionengine", "module": "DecisionEngine", "timestamp": "2022-09-15 01:45:30"}
2022-09-15 01:45:30,590 - decisionengine - ChannelConfigHandler - INFO - {"channel": "engine", "event": "Loading channel configs from:/etc/decisionengine/config.d", "level": "info", "logger": "decisionengine", "module": "ChannelConfigHandler", "timestamp": "2022-09-15 01:45:30"}
2022-09-15 01:45:30,719 - decisionengine - SourceWorkers - INFO - {"channel": "engine", "event": "Creating source FactoryEntriesSource for channel resource_request", "level": "info", "logger": "decisionengine", "module": "DecisionEngine", "timestamp": "2022-09-15 01:45:30"}
2022-09-15 01:45:30,777 - decisionengine - SourceWorkers - INFO - {"channel": "engine", "event": "Creating source Factory_Entries_AWS for channel resource_request", "level": "info", "logger": "decisionengine", "module": "DecisionEngine", "timestamp": "2022-09-15 01:45:30"}
2022-09-15 01:45:30,786 - decisionengine - SourceWorkers - INFO - {"channel": "engine", "event": "Creating source Factory_Entries_GCE for channel resource_request", "level": "info", "logger": "decisionengine", "module": "DecisionEngine", "timestamp": "2022-09-15 01:45:30"}
2022-09-15 01:45:30,796 - decisionengine - SourceWorkers - INFO - {"channel": "engine", "event": "Creating source Factory_Entries_Grid for channel resource_request", "level": "info", "logger": "decisionengine", "module": "DecisionEngine", "timestamp": "2022-09-15 01:45:30"}
2022-09-15 01:45:30,805 - decisionengine - SourceWorkers - INFO - {"channel": "engine", "event": "Creating source Factory_Entries_LCF for channel resource_request", "level": "info", "logger": "decisionengine", "module": "DecisionEngine", "timestamp": "2022-09-15 01:45:30"}
2022-09-15 01:45:30,814 - decisionengine - SourceWorkers - INFO - {"channel": "engine", "event": "Creating source FigureOfMerit for channel resource_request", "level": "info", "logger": "decisionengine", "module": "DecisionEngine", "timestamp": "2022-09-15 01:45:30"}
2022-09-15 01:45:30,823 - decisionengine - SourceWorkers - INFO - {"channel": "engine", "event": "Creating source GceFigureOfMerit for channel resource_request", "level": "info", "logger": "decisionengine", "module": "DecisionEngine", "timestamp": "2022-09-15 01:45:30"}
2022-09-15 01:45:30,832 - decisionengine - SourceWorkers - INFO - {"channel": "engine", "event": "Creating source NerscFigureOfMerit for channel resource_request", "level": "info", "logger": "decisionengine", "module": "DecisionEngine", "timestamp": "2022-09-15 01:45:30"}
2022-09-15 01:45:30,841 - decisionengine - SourceWorkers - INFO - {"channel": "engine", "event": "Creating source StartdManifestsSource for channel resource_request", "level": "info", "logger": "decisionengine", "module": "DecisionEngine", "timestamp": "2022-09-15 01:45:30"}
2022-09-15 01:45:30,852 - decisionengine - SourceWorkers - INFO - {"channel": "engine", "event": "Creating source factoryglobal_manifests for channel resource_request", "level": "info", "logger": "decisionengine", "module": "DecisionEngine", "timestamp": "2022-09-15 01:45:30"}
2022-09-15 01:45:30,861 - decisionengine - SourceWorkers - INFO - {"channel": "engine", "event": "Creating source jobs_manifests for channel resource_request", "level": "info", "logger": "decisionengine", "module": "DecisionEngine", "timestamp": "2022-09-15 01:45:30"}
2022-09-15 01:45:31,137 - decisionengine - datasource_api - INFO - {"channel": "engine", "event": "datasource SQLAlchemyDS is creating the database tables (if needed)", "level": "info", "logger": "decisionengine", "module": "datasource_api", "timestamp": "2022-09-15 01:45:31"}
2022-09-15 01:45:31,203 - decisionengine - DecisionEngine - INFO - {"channel": "engine", "event": "Channel resource_request started", "level": "info", "logger": "decisionengine", "module": "DecisionEngine", "timestamp": "2022-09-15 01:45:31"}
2022-09-15 01:55:24,532 - decisionengine - datasource_api - INFO - {"channel": "engine", "event": "datasource SQLAlchemyDS is creating the database tables (if needed)", "level": "info", "logger": "decisionengine", "module": "datasource_api", "timestamp": "2022-09-15 01:55:24"}
2022-09-15 01:55:24,603 - decisionengine - datasource_api - INFO - {"channel": "engine", "event": "datasource SQLAlchemyDS is creating the database tables (if needed)", "level": "info", "logger": "decisionengine", "module": "datasource_api", "timestamp": "2022-09-15 01:55:24"}
2022-09-15 01:55:24,642 - decisionengine - DecisionEngine - INFO - {"channel": "engine", "event": "DecisionEngine __init__ complete ('localhost', 8888) with redis://localhost:6379/0", "level": "info", "logger": "decisionengine", "module": "DecisionEngine", "timestamp": "2022-09-15 01:55:24"}
2022-09-15 01:55:24,651 - decisionengine - DecisionEngine - INFO - {"channel": "engine", "event": "running _start_de_server", "level": "info", "logger": "decisionengine", "module": "DecisionEngine", "timestamp": "2022-09-15 01:55:24"}
2022-09-15 01:55:24,770 - decisionengine - ChannelConfigHandler - INFO - {"channel": "engine", "event": "Loading channel configs from:/etc/decisionengine/config.d", "level": "info", "logger": "decisionengine", "module": "ChannelConfigHandler", "timestamp": "2022-09-15 01:55:24"}
2022-09-15 01:55:24,937 - decisionengine - SourceWorkers - INFO - {"channel": "engine", "event": "Creating source FactoryEntriesSource for channel resource_request", "level": "info", "logger": "decisionengine", "module": "DecisionEngine", "timestamp": "2022-09-15 01:55:24"}
2022-09-15 01:55:25,011 - decisionengine - SourceWorkers - INFO - {"channel": "engine", "event": "Creating source Factory_Entries_AWS for channel resource_request", "level": "info", "logger": "decisionengine", "module": "DecisionEngine", "timestamp": "2022-09-15 01:55:25"}
2022-09-15 01:55:25,028 - decisionengine - SourceWorkers - INFO - {"channel": "engine", "event": "Creating source Factory_Entries_GCE for channel resource_request", "level": "info", "logger": "decisionengine", "module": "DecisionEngine", "timestamp": "2022-09-15 01:55:25"}
2022-09-15 01:55:25,040 - decisionengine - SourceWorkers - INFO - {"channel": "engine", "event": "Creating source Factory_Entries_Grid for channel resource_request", "level": "info", "logger": "decisionengine", "module": "DecisionEngine", "timestamp": "2022-09-15 01:55:25"}
2022-09-15 01:55:25,052 - decisionengine - SourceWorkers - INFO - {"channel": "engine", "event": "Creating source Factory_Entries_LCF for channel resource_request", "level": "info", "logger": "decisionengine", "module": "DecisionEngine", "timestamp": "2022-09-15 01:55:25"}
2022-09-15 01:55:25,064 - decisionengine - SourceWorkers - INFO - {"channel": "engine", "event": "Creating source FigureOfMerit for channel resource_request", "level": "info", "logger": "decisionengine", "module": "DecisionEngine", "timestamp": "2022-09-15 01:55:25"}
2022-09-15 01:55:25,076 - decisionengine - SourceWorkers - INFO - {"channel": "engine", "event": "Creating source GceFigureOfMerit for channel resource_request", "level": "info", "logger": "decisionengine", "module": "DecisionEngine", "timestamp": "2022-09-15 01:55:25"}
2022-09-15 01:55:25,089 - decisionengine - SourceWorkers - INFO - {"channel": "engine", "event": "Creating source NerscFigureOfMerit for channel resource_request", "level": "info", "logger": "decisionengine", "module": "DecisionEngine", "timestamp": "2022-09-15 01:55:25"}
2022-09-15 01:55:25,107 - decisionengine - SourceWorkers - INFO - {"channel": "engine", "event": "Creating source StartdManifestsSource for channel resource_request", "level": "info", "logger": "decisionengine", "module": "DecisionEngine", "timestamp": "2022-09-15 01:55:25"}
2022-09-15 01:55:25,123 - decisionengine - SourceWorkers - INFO - {"channel": "engine", "event": "Creating source factoryglobal_manifests for channel resource_request", "level": "info", "logger": "decisionengine", "module": "DecisionEngine", "timestamp": "2022-09-15 01:55:25"}
2022-09-15 01:55:25,138 - decisionengine - SourceWorkers - INFO - {"channel": "engine", "event": "Creating source jobs_manifests for channel resource_request", "level": "info", "logger": "decisionengine", "module": "DecisionEngine", "timestamp": "2022-09-15 01:55:25"}
2022-09-15 01:55:25,421 - decisionengine - datasource_api - INFO - {"channel": "engine", "event": "datasource SQLAlchemyDS is creating the database tables (if needed)", "level": "info", "logger": "decisionengine", "module": "datasource_api", "timestamp": "2022-09-15 01:55:25"}
2022-09-15 01:55:25,481 - decisionengine - DecisionEngine - INFO - {"channel": "engine", "event": "Channel resource_request started", "level": "info", "logger": "decisionengine", "module": "DecisionEngine", "timestamp": "2022-09-15 01:55:25"}
2022-09-15 02:06:37,081 - decisionengine - datasource_api - INFO - {"channel": "engine", "event": "datasource SQLAlchemyDS is creating the database tables (if needed)", "level": "info", "logger": "decisionengine", "module": "datasource_api", "timestamp": "2022-09-15 02:06:37"}
2022-09-15 02:06:37,168 - decisionengine - datasource_api - INFO - {"channel": "engine", "event": "datasource SQLAlchemyDS is creating the database tables (if needed)", "level": "info", "logger": "decisionengine", "module": "datasource_api", "timestamp": "2022-09-15 02:06:37"}
2022-09-15 02:06:37,201 - decisionengine - DecisionEngine - INFO - {"channel": "engine", "event": "DecisionEngine __init__ complete ('localhost', 8888) with redis://localhost:6379/0", "level": "info", "logger": "decisionengine", "module": "DecisionEngine", "timestamp": "2022-09-15 02:06:37"}
2022-09-15 02:06:37,214 - decisionengine - DecisionEngine - INFO - {"channel": "engine", "event": "running _start_de_server", "level": "info", "logger": "decisionengine", "module": "DecisionEngine", "timestamp": "2022-09-15 02:06:37"}
2022-09-15 02:06:37,335 - decisionengine - ChannelConfigHandler - INFO - {"channel": "engine", "event": "Loading channel configs from:/etc/decisionengine/config.d", "level": "info", "logger": "decisionengine", "module": "ChannelConfigHandler", "timestamp": "2022-09-15 02:06:37"}
2022-09-15 02:06:37,465 - decisionengine - SourceWorkers - INFO - {"channel": "engine", "event": "Creating source FactoryEntriesSource for channel resource_request", "level": "info", "logger": "decisionengine", "module": "DecisionEngine", "timestamp": "2022-09-15 02:06:37"}
2022-09-15 02:06:37,523 - decisionengine - SourceWorkers - INFO - {"channel": "engine", "event": "Creating source Factory_Entries_AWS for channel resource_request", "level": "info", "logger": "decisionengine", "module": "DecisionEngine", "timestamp": "2022-09-15 02:06:37"}
2022-09-15 02:06:37,540 - decisionengine - SourceWorkers - INFO - {"channel": "engine", "event": "Creating source Factory_Entries_GCE for channel resource_request", "level": "info", "logger": "decisionengine", "module": "DecisionEngine", "timestamp": "2022-09-15 02:06:37"}
2022-09-15 02:06:37,552 - decisionengine - SourceWorkers - INFO - {"channel": "engine", "event": "Creating source Factory_Entries_Grid for channel resource_request", "level": "info", "logger": "decisionengine", "module": "DecisionEngine", "timestamp": "2022-09-15 02:06:37"}
2022-09-15 02:06:37,564 - decisionengine - SourceWorkers - INFO - {"channel": "engine", "event": "Creating source Factory_Entries_LCF for channel resource_request", "level": "info", "logger": "decisionengine", "module": "DecisionEngine", "timestamp": "2022-09-15 02:06:37"}
2022-09-15 02:06:37,579 - decisionengine - SourceWorkers - INFO - {"channel": "engine", "event": "Creating source FigureOfMerit for channel resource_request", "level": "info", "logger": "decisionengine", "module": "DecisionEngine", "timestamp": "2022-09-15 02:06:37"}
2022-09-15 02:06:37,597 - decisionengine - SourceWorkers - INFO - {"channel": "engine", "event": "Creating source GceFigureOfMerit for channel resource_request", "level": "info", "logger": "decisionengine", "module": "DecisionEngine", "timestamp": "2022-09-15 02:06:37"}
2022-09-15 02:06:37,609 - decisionengine - SourceWorkers - INFO - {"channel": "engine", "event": "Creating source NerscFigureOfMerit for channel resource_request", "level": "info", "logger": "decisionengine", "module": "DecisionEngine", "timestamp": "2022-09-15 02:06:37"}
2022-09-15 02:06:37,622 - decisionengine - SourceWorkers - INFO - {"channel": "engine", "event": "Creating source StartdManifestsSource for channel resource_request", "level": "info", "logger": "decisionengine", "module": "DecisionEngine", "timestamp": "2022-09-15 02:06:37"}
2022-09-15 02:06:37,639 - decisionengine - SourceWorkers - INFO - {"channel": "engine", "event": "Creating source factoryglobal_manifests for channel resource_request", "level": "info", "logger": "decisionengine", "module": "DecisionEngine", "timestamp": "2022-09-15 02:06:37"}
2022-09-15 02:06:37,657 - decisionengine - SourceWorkers - INFO - {"channel": "engine", "event": "Creating source jobs_manifests for channel resource_request", "level": "info", "logger": "decisionengine", "module": "DecisionEngine", "timestamp": "2022-09-15 02:06:37"}
2022-09-15 02:06:37,893 - decisionengine - datasource_api - INFO - {"channel": "engine", "event": "datasource SQLAlchemyDS is creating the database tables (if needed)", "level": "info", "logger": "decisionengine", "module": "datasource_api", "timestamp": "2022-09-15 02:06:37"}
2022-09-15 02:06:37,952 - decisionengine - DecisionEngine - INFO - {"channel": "engine", "event": "Channel resource_request started", "level": "info", "logger": "decisionengine", "module": "DecisionEngine", "timestamp": "2022-09-15 02:06:37"}
2022-09-15 02:06:50,781 - decisionengine - datasource_api - INFO - {"channel": "engine", "event": "datasource SQLAlchemyDS is creating the database tables (if needed)", "level": "info", "logger": "decisionengine", "module": "datasource_api", "timestamp": "2022-09-15 02:06:50"}
2022-09-15 02:06:50,853 - decisionengine - datasource_api - INFO - {"channel": "engine", "event": "datasource SQLAlchemyDS is creating the database tables (if needed)", "level": "info", "logger": "decisionengine", "module": "datasource_api", "timestamp": "2022-09-15 02:06:50"}
2022-09-15 02:06:50,889 - decisionengine - DecisionEngine - INFO - {"channel": "engine", "event": "DecisionEngine __init__ complete ('localhost', 8888) with redis://localhost:6379/0", "level": "info", "logger": "decisionengine", "module": "DecisionEngine", "timestamp": "2022-09-15 02:06:50"}
2022-09-15 02:06:50,898 - decisionengine - DecisionEngine - INFO - {"channel": "engine", "event": "running _start_de_server", "level": "info", "logger": "decisionengine", "module": "DecisionEngine", "timestamp": "2022-09-15 02:06:50"}
2022-09-15 02:06:51,016 - decisionengine - ChannelConfigHandler - INFO - {"channel": "engine", "event": "Loading channel configs from:/etc/decisionengine/config.d", "level": "info", "logger": "decisionengine", "module": "ChannelConfigHandler", "timestamp": "2022-09-15 02:06:51"}
2022-09-15 02:06:51,141 - decisionengine - SourceWorkers - INFO - {"channel": "engine", "event": "Creating source FactoryEntriesSource for channel resource_request", "level": "info", "logger": "decisionengine", "module": "DecisionEngine", "timestamp": "2022-09-15 02:06:51"}
2022-09-15 02:06:51,214 - decisionengine - SourceWorkers - INFO - {"channel": "engine", "event": "Creating source Factory_Entries_AWS for channel resource_request", "level": "info", "logger": "decisionengine", "module": "DecisionEngine", "timestamp": "2022-09-15 02:06:51"}
2022-09-15 02:06:51,231 - decisionengine - SourceWorkers - INFO - {"channel": "engine", "event": "Creating source Factory_Entries_GCE for channel resource_request", "level": "info", "logger": "decisionengine", "module": "DecisionEngine", "timestamp": "2022-09-15 02:06:51"}
2022-09-15 02:06:51,243 - decisionengine - SourceWorkers - INFO - {"channel": "engine", "event": "Creating source Factory_Entries_Grid for channel resource_request", "level": "info", "logger": "decisionengine", "module": "DecisionEngine", "timestamp": "2022-09-15 02:06:51"}
2022-09-15 02:06:51,256 - decisionengine - SourceWorkers - INFO - {"channel": "engine", "event": "Creating source Factory_Entries_LCF for channel resource_request", "level": "info", "logger": "decisionengine", "module": "DecisionEngine", "timestamp": "2022-09-15 02:06:51"}
2022-09-15 02:06:51,268 - decisionengine - SourceWorkers - INFO - {"channel": "engine", "event": "Creating source FigureOfMerit for channel resource_request", "level": "info", "logger": "decisionengine", "module": "DecisionEngine", "timestamp": "2022-09-15 02:06:51"}
2022-09-15 02:06:51,280 - decisionengine - SourceWorkers - INFO - {"channel": "engine", "event": "Creating source GceFigureOfMerit for channel resource_request", "level": "info", "logger": "decisionengine", "module": "DecisionEngine", "timestamp": "2022-09-15 02:06:51"}
2022-09-15 02:06:51,292 - decisionengine - SourceWorkers - INFO - {"channel": "engine", "event": "Creating source NerscFigureOfMerit for channel resource_request", "level": "info", "logger": "decisionengine", "module": "DecisionEngine", "timestamp": "2022-09-15 02:06:51"}
2022-09-15 02:06:51,310 - decisionengine - SourceWorkers - INFO - {"channel": "engine", "event": "Creating source StartdManifestsSource for channel resource_request", "level": "info", "logger": "decisionengine", "module": "DecisionEngine", "timestamp": "2022-09-15 02:06:51"}
2022-09-15 02:06:51,325 - decisionengine - SourceWorkers - INFO - {"channel": "engine", "event": "Creating source factoryglobal_manifests for channel resource_request", "level": "info", "logger": "decisionengine", "module": "DecisionEngine", "timestamp": "2022-09-15 02:06:51"}
2022-09-15 02:06:51,338 - decisionengine - SourceWorkers - INFO - {"channel": "engine", "event": "Creating source jobs_manifests for channel resource_request", "level": "info", "logger": "decisionengine", "module": "DecisionEngine", "timestamp": "2022-09-15 02:06:51"}
2022-09-15 02:06:51,637 - decisionengine - datasource_api - INFO - {"channel": "engine", "event": "datasource SQLAlchemyDS is creating the database tables (if needed)", "level": "info", "logger": "decisionengine", "module": "datasource_api", "timestamp": "2022-09-15 02:06:51"}
2022-09-15 02:06:51,697 - decisionengine - DecisionEngine - INFO - {"channel": "engine", "event": "Channel resource_request started", "level": "info", "logger": "decisionengine", "module": "DecisionEngine", "timestamp": "2022-09-15 02:06:51"}
2022-09-15 02:37:08,908 - decisionengine - maintain - INFO - {"channel": "engine", "event": "Reaper.reap() started.", "level": "info", "logger": "decisionengine", "module": "maintain", "timestamp": "2022-09-15 02:37:08"}
2022-09-15 02:37:08,925 - decisionengine - maintain - INFO - {"channel": "engine", "event": "Reaper.reap() completed.", "level": "info", "logger": "decisionengine", "module": "maintain", "timestamp": "2022-09-15 02:37:08"}
2022-09-15 21:42:05,355 - decisionengine - datasource_api - INFO - {"channel": "engine", "event": "datasource SQLAlchemyDS is creating the database tables (if needed)", "level": "info", "logger": "decisionengine", "module": "datasource_api", "timestamp": "2022-09-15 21:42:05"}
2022-09-15 21:42:05,430 - decisionengine - datasource_api - INFO - {"channel": "engine", "event": "datasource SQLAlchemyDS is creating the database tables (if needed)", "level": "info", "logger": "decisionengine", "module": "datasource_api", "timestamp": "2022-09-15 21:42:05"}
2022-09-15 21:42:05,463 - decisionengine - DecisionEngine - INFO - {"channel": "engine", "event": "DecisionEngine __init__ complete ('localhost', 8888) with redis://localhost:6379/0", "level": "info", "logger": "decisionengine", "module": "DecisionEngine", "timestamp": "2022-09-15 21:42:05"}
2022-09-15 21:42:05,477 - decisionengine - DecisionEngine - INFO - {"channel": "engine", "event": "running _start_de_server", "level": "info", "logger": "decisionengine", "module": "DecisionEngine", "timestamp": "2022-09-15 21:42:05"}
2022-09-15 21:42:05,593 - decisionengine - ChannelConfigHandler - INFO - {"channel": "engine", "event": "Loading channel configs from:/etc/decisionengine/config.d", "level": "info", "logger": "decisionengine", "module": "ChannelConfigHandler", "timestamp": "2022-09-15 21:42:05"}
2022-09-15 21:42:05,706 - decisionengine - SourceWorkers - INFO - {"channel": "engine", "event": "Creating source FactoryEntriesSource for channel resource_request", "level": "info", "logger": "decisionengine", "module": "DecisionEngine", "timestamp": "2022-09-15 21:42:05"}
2022-09-15 21:42:05,762 - decisionengine - SourceWorkers - INFO - {"channel": "engine", "event": "Creating source Factory_Entries_AWS for channel resource_request", "level": "info", "logger": "decisionengine", "module": "DecisionEngine", "timestamp": "2022-09-15 21:42:05"}
2022-09-15 21:42:05,773 - decisionengine - SourceWorkers - INFO - {"channel": "engine", "event": "Creating source Factory_Entries_GCE for channel resource_request", "level": "info", "logger": "decisionengine", "module": "DecisionEngine", "timestamp": "2022-09-15 21:42:05"}
2022-09-15 21:42:05,791 - decisionengine - SourceWorkers - INFO - {"channel": "engine", "event": "Creating source Factory_Entries_Grid for channel resource_request", "level": "info", "logger": "decisionengine", "module": "DecisionEngine", "timestamp": "2022-09-15 21:42:05"}
2022-09-15 21:42:05,802 - decisionengine - SourceWorkers - INFO - {"channel": "engine", "event": "Creating source Factory_Entries_LCF for channel resource_request", "level": "info", "logger": "decisionengine", "module": "DecisionEngine", "timestamp": "2022-09-15 21:42:05"}
2022-09-15 21:42:05,814 - decisionengine - SourceWorkers - INFO - {"channel": "engine", "event": "Creating source FigureOfMerit for channel resource_request", "level": "info", "logger": "decisionengine", "module": "DecisionEngine", "timestamp": "2022-09-15 21:42:05"}
2022-09-15 21:42:05,825 - decisionengine - SourceWorkers - INFO - {"channel": "engine", "event": "Creating source GceFigureOfMerit for channel resource_request", "level": "info", "logger": "decisionengine", "module": "DecisionEngine", "timestamp": "2022-09-15 21:42:05"}
2022-09-15 21:42:05,836 - decisionengine - SourceWorkers - INFO - {"channel": "engine", "event": "Creating source NerscFigureOfMerit for channel resource_request", "level": "info", "logger": "decisionengine", "module": "DecisionEngine", "timestamp": "2022-09-15 21:42:05"}
2022-09-15 21:42:05,847 - decisionengine - SourceWorkers - INFO - {"channel": "engine", "event": "Creating source StartdManifestsSource for channel resource_request", "level": "info", "logger": "decisionengine", "module": "DecisionEngine", "timestamp": "2022-09-15 21:42:05"}
2022-09-15 21:42:05,860 - decisionengine - SourceWorkers - INFO - {"channel": "engine", "event": "Creating source factoryglobal_manifests for channel resource_request", "level": "info", "logger": "decisionengine", "module": "DecisionEngine", "timestamp": "2022-09-15 21:42:05"}
2022-09-15 21:42:05,872 - decisionengine - SourceWorkers - INFO - {"channel": "engine", "event": "Creating source jobs_manifests for channel resource_request", "level": "info", "logger": "decisionengine", "module": "DecisionEngine", "timestamp": "2022-09-15 21:42:05"}
2022-09-15 21:42:06,102 - decisionengine - datasource_api - INFO - {"channel": "engine", "event": "datasource SQLAlchemyDS is creating the database tables (if needed)", "level": "info", "logger": "decisionengine", "module": "datasource_api", "timestamp": "2022-09-15 21:42:06"}
2022-09-15 21:42:06,161 - decisionengine - DecisionEngine - INFO - {"channel": "engine", "event": "Channel resource_request started", "level": "info", "logger": "decisionengine", "module": "DecisionEngine", "timestamp": "2022-09-15 21:42:06"}
2022-09-15 22:12:23,486 - decisionengine - maintain - INFO - {"channel": "engine", "event": "Reaper.reap() started.", "level": "info", "logger": "decisionengine", "module": "maintain", "timestamp": "2022-09-15 22:12:23"}
2022-09-15 22:12:23,503 - decisionengine - maintain - INFO - {"channel": "engine", "event": "Reaper.reap() completed.", "level": "info", "logger": "decisionengine", "module": "maintain", "timestamp": "2022-09-15 22:12:23"}
